# BLASTP 2.2.31+
# Query: mhc1.fasta
# Database: /Users/ragul/Rosetta/main/database/additional_protocol_data/tcr/tcrpmhc/MHC1a
# Fields: query id, subject id, % identity, alignment length, mismatches, gap opens, q. start, q. end, s. start, s. end, evalue, bit score
# 136 hits found
mhc1.fasta	6eqb.trunc.fit	100.00	180	0	0	25	204	1	180	3e-135	380
mhc1.fasta	6eqa.trunc.fit	100.00	180	0	0	25	204	1	180	3e-135	380
mhc1.fasta	6dkp.trunc.fit	100.00	180	0	0	25	204	1	180	3e-135	380
mhc1.fasta	6d78.trunc.fit	100.00	180	0	0	25	204	1	180	3e-135	380
mhc1.fasta	6am5.trunc.fit	100.00	180	0	0	25	204	1	180	3e-135	380
mhc1.fasta	5tez.trunc.fit	100.00	180	0	0	25	204	1	180	3e-135	380
mhc1.fasta	5nqk.trunc.fit	100.00	180	0	0	25	204	1	180	3e-135	380
mhc1.fasta	5nmg.trunc.fit	100.00	180	0	0	25	204	1	180	3e-135	380
mhc1.fasta	5nmf.trunc.fit	100.00	180	0	0	25	204	1	180	3e-135	380
mhc1.fasta	5nme.trunc.fit	100.00	180	0	0	25	204	1	180	3e-135	380
mhc1.fasta	5nht.trunc.fit	100.00	180	0	0	25	204	1	180	3e-135	380
mhc1.fasta	5men.trunc.fit	100.00	180	0	0	25	204	1	180	3e-135	380
mhc1.fasta	5jzi.trunc.fit	100.00	180	0	0	25	204	1	180	3e-135	380
mhc1.fasta	5jhd.trunc.fit	100.00	180	0	0	25	204	1	180	3e-135	380
mhc1.fasta	5isz.trunc.fit	100.00	180	0	0	25	204	1	180	3e-135	380
mhc1.fasta	5hyj.trunc.fit	100.00	180	0	0	25	204	1	180	3e-135	380
mhc1.fasta	5hho.trunc.fit	100.00	180	0	0	25	204	1	180	3e-135	380
mhc1.fasta	5hhm.trunc.fit	100.00	180	0	0	25	204	1	180	3e-135	380
mhc1.fasta	5euo.trunc.fit	100.00	180	0	0	25	204	1	180	3e-135	380
mhc1.fasta	5eu6.trunc.fit	100.00	180	0	0	25	204	1	180	3e-135	380
mhc1.fasta	5e9d.trunc.fit	100.00	180	0	0	25	204	1	180	3e-135	380
mhc1.fasta	5c0c.trunc.fit	100.00	180	0	0	25	204	1	180	3e-135	380
mhc1.fasta	5c0b.trunc.fit	100.00	180	0	0	25	204	1	180	3e-135	380
mhc1.fasta	5c0a.trunc.fit	100.00	180	0	0	25	204	1	180	3e-135	380
mhc1.fasta	5c09.trunc.fit	100.00	180	0	0	25	204	1	180	3e-135	380
mhc1.fasta	5c08.trunc.fit	100.00	180	0	0	25	204	1	180	3e-135	380
mhc1.fasta	5c07.trunc.fit	100.00	180	0	0	25	204	1	180	3e-135	380
mhc1.fasta	4qok.trunc.fit	100.00	180	0	0	25	204	1	180	3e-135	380
mhc1.fasta	4mnq.trunc.fit	100.00	180	0	0	25	204	1	180	3e-135	380
mhc1.fasta	4l3e.trunc.fit	100.00	180	0	0	25	204	1	180	3e-135	380
mhc1.fasta	4jff.trunc.fit	100.00	180	0	0	25	204	1	180	3e-135	380
mhc1.fasta	4jfe.trunc.fit	100.00	180	0	0	25	204	1	180	3e-135	380
mhc1.fasta	4jfd.trunc.fit	100.00	180	0	0	25	204	1	180	3e-135	380
mhc1.fasta	4ftv.trunc.fit	100.00	180	0	0	25	204	1	180	3e-135	380
mhc1.fasta	4eup.trunc.fit	100.00	180	0	0	25	204	1	180	3e-135	380
mhc1.fasta	3utt.trunc.fit	100.00	180	0	0	25	204	1	180	3e-135	380
mhc1.fasta	3uts.trunc.fit	100.00	180	0	0	25	204	1	180	3e-135	380
mhc1.fasta	3qfj.trunc.fit	100.00	180	0	0	25	204	1	180	3e-135	380
mhc1.fasta	3qeq.trunc.fit	100.00	180	0	0	25	204	1	180	3e-135	380
mhc1.fasta	3qdm.trunc.fit	100.00	180	0	0	25	204	1	180	3e-135	380
mhc1.fasta	3qdj.trunc.fit	100.00	180	0	0	25	204	1	180	3e-135	380
mhc1.fasta	3qdg.trunc.fit	100.00	180	0	0	25	204	1	180	3e-135	380
mhc1.fasta	3pwp.trunc.fit	100.00	180	0	0	25	204	1	180	3e-135	380
mhc1.fasta	3hg1.trunc.fit	100.00	180	0	0	25	204	1	180	3e-135	380
mhc1.fasta	3h9s.trunc.fit	100.00	180	0	0	25	204	1	180	3e-135	380
mhc1.fasta	3gsn.trunc.fit	100.00	180	0	0	25	204	1	180	3e-135	380
mhc1.fasta	3d3v.trunc.fit	100.00	180	0	0	25	204	1	180	3e-135	380
mhc1.fasta	3d39.trunc.fit	100.00	180	0	0	25	204	1	180	3e-135	380
mhc1.fasta	2vlr.trunc.fit	100.00	180	0	0	25	204	1	180	3e-135	380
mhc1.fasta	2vlk.trunc.fit	100.00	180	0	0	25	204	1	180	3e-135	380
mhc1.fasta	2vlj.trunc.fit	100.00	180	0	0	25	204	1	180	3e-135	380
mhc1.fasta	2pye.trunc.fit	100.00	180	0	0	25	204	1	180	3e-135	380
mhc1.fasta	2p5w.trunc.fit	100.00	180	0	0	25	204	1	180	3e-135	380
mhc1.fasta	2p5e.trunc.fit	100.00	180	0	0	25	204	1	180	3e-135	380
mhc1.fasta	2gj6.trunc.fit	100.00	180	0	0	25	204	1	180	3e-135	380
mhc1.fasta	2f54.trunc.fit	100.00	180	0	0	25	204	1	180	3e-135	380
mhc1.fasta	2f53.trunc.fit	100.00	180	0	0	25	204	1	180	3e-135	380
mhc1.fasta	2bnr.trunc.fit	100.00	180	0	0	25	204	1	180	3e-135	380
mhc1.fasta	2bnq.trunc.fit	100.00	180	0	0	25	204	1	180	3e-135	380
mhc1.fasta	1qsf.trunc.fit	100.00	180	0	0	25	204	1	180	3e-135	380
mhc1.fasta	1qse.trunc.fit	100.00	180	0	0	25	204	1	180	3e-135	380
mhc1.fasta	1qrn.trunc.fit	100.00	180	0	0	25	204	1	180	3e-135	380
mhc1.fasta	1oga.trunc.fit	100.00	180	0	0	25	204	1	180	3e-135	380
mhc1.fasta	1lp9.trunc.fit	100.00	180	0	0	25	204	1	180	3e-135	380
mhc1.fasta	1bd2.trunc.fit	100.00	180	0	0	25	204	1	180	3e-135	380
mhc1.fasta	1ao7.trunc.fit	100.00	180	0	0	25	204	1	180	3e-135	380
mhc1.fasta	2uwe.trunc.fit	99.44	180	1	0	25	204	1	180	1e-134	379
mhc1.fasta	5yxu.trunc.fit	100.00	179	0	0	25	203	1	179	1e-134	378
mhc1.fasta	5yxn.trunc.fit	100.00	179	0	0	25	203	1	179	1e-134	378
mhc1.fasta	6amu.trunc.fit	100.00	179	0	0	26	204	1	179	1e-134	378
mhc1.fasta	5e6i.trunc.fit	100.00	179	0	0	26	204	1	179	1e-134	378
mhc1.fasta	5d2n.trunc.fit	100.00	179	0	0	26	204	1	179	1e-134	378
mhc1.fasta	5d2l.trunc.fit	100.00	179	0	0	26	204	1	179	1e-134	378
mhc1.fasta	2j8u.trunc.fit	99.44	180	1	0	25	204	1	180	2e-134	378
mhc1.fasta	6q3s.trunc.fit	98.89	180	2	0	25	204	1	180	5e-133	374
mhc1.fasta	5xov.trunc.fit	88.89	180	20	0	25	204	1	180	3e-115	329
mhc1.fasta	3vxu.trunc.fit	88.89	180	20	0	25	204	1	180	3e-115	329
mhc1.fasta	3vxs.trunc.fit	88.89	180	20	0	25	204	1	180	3e-115	329
mhc1.fasta	3vxr.trunc.fit	88.89	180	20	0	25	204	1	180	3e-115	329
mhc1.fasta	3vxm.trunc.fit	88.89	180	20	0	25	204	1	180	3e-115	329
mhc1.fasta	5bs0.trunc.fit	86.67	180	24	0	25	204	1	180	1e-114	327
mhc1.fasta	5brz.trunc.fit	86.67	180	24	0	25	204	1	180	1e-114	327
mhc1.fasta	2ypl.trunc.fit	81.11	180	34	0	25	204	1	180	2e-106	306
mhc1.fasta	6bj2.trunc.fit	80.56	180	35	0	25	204	1	180	6e-106	305
mhc1.fasta	4qrr.trunc.fit	80.56	180	35	0	25	204	1	180	6e-106	305
mhc1.fasta	4prp.trunc.fit	80.56	180	35	0	25	204	1	180	6e-106	305
mhc1.fasta	3mv9.trunc.fit	80.56	180	35	0	25	204	1	180	6e-106	305
mhc1.fasta	3mv8.trunc.fit	80.56	180	35	0	25	204	1	180	6e-106	305
mhc1.fasta	3mv7.trunc.fit	80.56	180	35	0	25	204	1	180	6e-106	305
mhc1.fasta	2nx5.trunc.fit	80.56	180	35	0	25	204	1	180	6e-106	305
mhc1.fasta	4g9f.trunc.fit	83.33	180	30	0	25	204	1	180	8e-106	305
mhc1.fasta	4g8g.trunc.fit	83.33	180	30	0	25	204	1	180	8e-106	305
mhc1.fasta	4qrp.trunc.fit	80.56	180	35	0	25	204	1	180	3e-105	304
mhc1.fasta	3sjv.trunc.fit	80.56	180	35	0	25	204	1	180	3e-105	304
mhc1.fasta	3ffc.trunc.fit	80.56	180	35	0	25	204	1	180	3e-105	304
mhc1.fasta	6bj3.trunc.fit	80.45	179	35	0	26	204	1	179	5e-105	303
mhc1.fasta	4pri.trunc.fit	80.00	180	36	0	25	204	1	180	7e-105	303
mhc1.fasta	4jry.trunc.fit	80.00	180	36	0	25	204	1	180	7e-105	303
mhc1.fasta	4jrx.trunc.fit	80.00	180	36	0	25	204	1	180	7e-105	303
mhc1.fasta	2ak4.trunc.fit	80.00	180	36	0	25	204	1	180	7e-105	303
mhc1.fasta	5xot.trunc.fit	80.00	180	36	0	25	204	1	180	1e-104	302
mhc1.fasta	6avg.trunc.fit	80.56	180	35	0	25	204	1	180	2e-104	301
mhc1.fasta	6avf.trunc.fit	80.56	180	35	0	25	204	1	180	2e-104	301
mhc1.fasta	6bj8.trunc.fit	80.34	178	35	0	27	204	1	178	2e-104	301
mhc1.fasta	4prh.trunc.fit	79.89	179	36	0	26	204	1	179	5e-104	300
mhc1.fasta	3dxa.trunc.fit	78.89	180	38	0	25	204	1	180	1e-101	295
mhc1.fasta	3kxf.trunc.fit	80.00	180	36	0	25	204	1	180	7e-98	285
mhc1.fasta	2ol3.trunc.fit	73.18	179	48	0	25	203	1	179	2e-95	279
mhc1.fasta	2ckb.trunc.fit	72.63	179	49	0	25	203	1	179	1e-94	276
mhc1.fasta	1nam.trunc.fit	72.63	179	49	0	25	203	1	179	1e-94	276
mhc1.fasta	1kj2.trunc.fit	72.63	179	49	0	25	203	1	179	1e-94	276
mhc1.fasta	1g6r.trunc.fit	72.63	179	49	0	25	203	1	179	1e-94	276
mhc1.fasta	3rgv.trunc.fit	72.07	179	50	0	25	203	1	179	1e-93	274
mhc1.fasta	1mwa.trunc.fit	72.07	179	50	0	25	203	1	179	2e-93	273
mhc1.fasta	5w1w.trunc.fit	72.47	178	49	0	26	203	1	178	2e-92	271
mhc1.fasta	5w1v.trunc.fit	72.47	178	49	0	26	203	1	178	2e-92	271
mhc1.fasta	6g9q.trunc.fit	68.16	179	57	0	25	203	1	179	1e-89	264
mhc1.fasta	5swz.trunc.fit	68.16	179	57	0	25	203	1	179	1e-89	264
mhc1.fasta	5sws.trunc.fit	68.16	179	57	0	25	203	1	179	1e-89	264
mhc1.fasta	5m02.trunc.fit	68.16	179	57	0	25	203	1	179	1e-89	264
mhc1.fasta	5m01.trunc.fit	68.16	179	57	0	25	203	1	179	1e-89	264
mhc1.fasta	5m00.trunc.fit	68.16	179	57	0	25	203	1	179	1e-89	264
mhc1.fasta	5tje.trunc.fit	68.36	177	56	0	27	203	2	178	6e-89	262
mhc1.fasta	5til.trunc.fit	68.36	177	56	0	27	203	2	178	6e-89	262
mhc1.fasta	5ivx.trunc.fit	70.22	178	53	0	26	203	2	179	4e-88	259
mhc1.fasta	2e7l.trunc.fit	70.29	175	52	0	25	199	1	175	3e-87	257
mhc1.fasta	4nhu.trunc.fit	70.11	174	52	0	25	198	1	174	3e-86	255
mhc1.fasta	3tjh.trunc.fit	68.57	175	55	0	25	199	1	175	4e-85	252
mhc1.fasta	3tf7.trunc.fit	68.57	175	55	0	25	199	1	175	4e-85	252
mhc1.fasta	3tfk.trunc.fit	68.79	173	54	0	27	199	2	174	2e-84	250
mhc1.fasta	3tpu.trunc.fit	68.57	175	53	1	25	199	1	173	9e-84	248
mhc1.fasta	4n5e.trunc.fit	68.21	173	55	0	27	199	2	174	5e-83	246
mhc1.fasta	4mxq.trunc.fit	68.21	173	55	0	27	199	2	174	5e-83	246
mhc1.fasta	4mvb.trunc.fit	68.21	173	55	0	27	199	2	174	5e-83	246
mhc1.fasta	4n0c.trunc.fit	68.21	173	54	1	27	199	2	173	1e-81	243
mhc1.fasta	4ms8.trunc.fit	62.86	175	51	2	25	199	2	162	6e-72	218
# BLAST processed 1 queries
