# Input sequence
# ANARCI numbered
# Domain 1 of 1
# Most significant HMM hit
#|species|chain_type|e-value|score|seqstart_index|seqend_index|
#|human|B|1.8e-43|138.4|0|109|
# Scheme = aho
B 4       V
B 5       T
B 6       Q
B 7       S
B 8       P
B 9       T
B 10      H
B 11      L
B 12      I
B 13      K
B 14      T
B 15      R
B 16      G
B 17      Q
B 18      Q
B 19      V
B 20      T
B 21      L
B 22      R
B 23      C
B 24      S
B 25      P
B 26      K
B 29      S
B 30      G
B 31      H
B 32      D
B 40      T
B 41      V
B 42      S
B 43      W
B 44      Y
B 45      Q
B 46      Q
B 47      A
B 48      L
B 49      G
B 50      Q
B 51      G
B 52      P
B 53      Q
B 54      F
B 55      I
B 56      F
B 57      Q
B 58      Y
B 59      Y
B 60      E
B 66      E
B 67      E
B 68      E
B 69      R
B 70      Q
B 71      R
B 72      G
B 73      N
B 74      F
B 75      P
B 76      D
B 77      R
B 78      F
B 79      S
B 80      G
B 81      H
B 82      Q
B 83      F
B 84      P
B 85      N
B 87      Y
B 88      S
B 89      S
B 90      E
B 91      L
B 92      N
B 93      V
B 94      N
B 95      A
B 96      L
B 97      L
B 98      L
B 99      G
B 100     D
B 101     S
B 102     A
B 103     L
B 104     Y
B 105     L
B 106     C
B 107     A
B 108     S
B 109     S
B 110     L
B 111     G
B 112     Q
B 113     T
B 134     N
B 135     Y
B 136     G
B 137     Y
B 138     T
B 139     F
B 140     G
B 141     S
B 142     G
B 143     T
B 144     R
B 145     L
B 146     T
B 147     V
B 148     V
//
