# Input sequence
# ANARCI numbered
# Domain 1 of 1
# Most significant HMM hit
#|species|chain_type|e-value|score|seqstart_index|seqend_index|
#|human|A|9.5e-37|116.6|0|113|
# Scheme = aho
A 2       Q
A 3       K
A 4       V
A 5       T
A 6       Q
A 7       A
A 8       Q
A 9       S
A 10      S
A 11      V
A 12      S
A 13      M
A 14      P
A 15      V
A 16      R
A 17      K
A 18      A
A 19      V
A 20      T
A 21      L
A 22      N
A 23      C
A 24      L
A 25      Y
A 26      E
A 27      T
A 29      S
A 30      W
A 31      W
A 32      S
A 39      Y
A 40      Y
A 41      I
A 42      F
A 43      W
A 44      Y
A 45      K
A 46      Q
A 47      L
A 48      P
A 49      S
A 50      K
A 51      E
A 52      M
A 53      I
A 54      F
A 55      L
A 56      I
A 57      R
A 58      Q
A 59      G
A 66      S
A 67      D
A 68      E
A 69      Q
A 70      N
A 71      A
A 72      K
A 73      S
A 76      G
A 77      R
A 78      Y
A 79      S
A 80      V
A 81      N
A 82      F
A 83      K
A 84      K
A 85      A
A 86      A
A 87      K
A 88      S
A 89      V
A 90      A
A 91      L
A 92      T
A 93      I
A 94      S
A 95      A
A 96      L
A 97      Q
A 98      L
A 99      E
A 100     D
A 101     S
A 102     A
A 103     K
A 104     Y
A 105     F
A 106     C
A 107     A
A 108     L
A 109     G
A 110     D
A 111     P
A 112     G
A 113     G
A 114     L
A 133     N
A 134     T
A 135     D
A 136     K
A 137     L
A 138     I
A 139     F
A 140     G
A 141     K
A 142     G
A 143     T
A 144     R
A 145     V
A 146     T
A 147     V
A 148     E
//
