# Input sequence
# ANARCI numbered
# Domain 1 of 1
# Most significant HMM hit
#|species|chain_type|e-value|score|seqstart_index|seqend_index|
#|mouse|B|4.3e-43|137.4|0|111|
# Scheme = aho
B 1       -
B 2       -
B 3       K
B 4       V
B 5       I
B 6       Q
B 7       T
B 8       P
B 9       R
B 10      Y
B 11      L
B 12      V
B 13      K
B 14      G
B 15      Q
B 16      G
B 17      Q
B 18      K
B 19      A
B 20      K
B 21      M
B 22      R
B 23      C
B 24      I
B 25      P
B 26      E
B 27      -
B 28      -
B 29      K
B 30      G
B 31      H
B 32      P
B 33      -
B 34      -
B 35      -
B 36      -
B 37      -
B 38      -
B 39      -
B 40      V
B 41      V
B 42      F
B 43      W
B 44      Y
B 45      Q
B 46      Q
B 47      N
B 48      K
B 49      N
B 50      N
B 51      E
B 52      F
B 53      K
B 54      F
B 55      L
B 56      I
B 57      N
B 58      F
B 59      Q
B 60      N
B 61      -
B 62      -
B 63      -
B 64      -
B 65      Q
B 66      E
B 67      V
B 68      L
B 69      Q
B 70      Q
B 71      I
B 72      D
B 73      M
B 74      T
B 75      E
B 76      K
B 77      R
B 78      F
B 79      S
B 80      A
B 81      E
B 82      C
B 83      P
B 84      S
B 85      N
B 86      -
B 87      S
B 88      P
B 89      C
B 90      S
B 91      L
B 92      E
B 93      I
B 94      Q
B 95      S
B 96      S
B 97      E
B 98      A
B 99      G
B 100     D
B 101     S
B 102     A
B 103     L
B 104     Y
B 105     L
B 106     C
B 107     A
B 108     S
B 109     S
B 110     L
B 111     N
B 112     N
B 113     A
B 114     -
B 115     -
B 116     -
B 117     -
B 118     -
B 119     -
B 120     -
B 121     -
B 122     -
B 123     -
B 124     -
B 125     -
B 126     -
B 127     -
B 128     -
B 129     -
B 130     -
B 131     -
B 132     -
B 133     -
B 134     N
B 135     S
B 136     D
B 137     Y
B 138     T
B 139     F
B 140     G
B 141     S
B 142     G
B 143     T
B 144     R
B 145     L
B 146     L
B 147     V
B 148     I
//
