# Input sequence
# ANARCI numbered
# Domain 1 of 1
# Most significant HMM hit
#|species|chain_type|e-value|score|seqstart_index|seqend_index|
#|human|A|5e-33|104.6|1|107|
# Scheme = aho
A 4       T
A 5       T
A 6       Q
A 7       -
A 8       P
A 9       I
A 10      S
A 11      M
A 12      D
A 13      S
A 14      Y
A 15      E
A 16      G
A 17      Q
A 18      E
A 19      V
A 20      N
A 21      I
A 22      T
A 23      C
A 24      S
A 25      H
A 26      N
A 27      N
A 29      I
A 30      A
A 31      T
A 32      N
A 39      D
A 40      Y
A 41      I
A 42      T
A 43      W
A 44      Y
A 45      Q
A 46      Q
A 47      F
A 48      P
A 49      S
A 50      Q
A 51      G
A 52      P
A 53      R
A 54      F
A 55      I
A 56      I
A 57      Q
A 58      G
A 67      Y
A 68      K
A 69      T
A 70      K
A 71      V
A 72      T
A 73      N
A 76      E
A 77      V
A 78      A
A 79      S
A 80      L
A 81      F
A 82      I
A 83      P
A 84      A
A 85      D
A 86      R
A 87      K
A 88      S
A 89      S
A 90      T
A 91      L
A 92      S
A 93      L
A 94      P
A 95      R
A 96      V
A 97      S
A 98      L
A 99      S
A 100     D
A 101     T
A 102     A
A 103     V
A 104     Y
A 105     Y
A 106     C
A 107     L
A 108     V
A 109     G
A 110     D
A 111     M
A 112     D
A 113     Q
A 133     A
A 134     G
A 135     T
A 136     A
A 137     L
A 138     I
A 139     F
A 140     G
A 141     K
A 142     G
A 143     T
A 144     T
A 145     L
A 146     S
A 147     V
//
