# Input sequence
# ANARCI numbered
# Domain 1 of 1
# Most significant HMM hit
#|species|chain_type|e-value|score|seqstart_index|seqend_index|
#|human|B|1.4e-43|138.8|0|111|
# Scheme = aho
B 1       -
B 2       -
B 3       K
B 4       V
B 5       L
B 6       Q
B 7       I
B 8       P
B 9       S
B 10      H
B 11      Q
B 12      I
B 13      I
B 14      D
B 15      M
B 16      G
B 17      Q
B 18      M
B 19      V
B 20      T
B 21      L
B 22      N
B 23      C
B 24      D
B 25      P
B 26      V
B 27      -
B 28      -
B 29      S
B 30      N
B 31      H
B 32      L
B 33      -
B 34      -
B 35      -
B 36      -
B 37      -
B 38      -
B 39      -
B 40      Y
B 41      F
B 42      Y
B 43      W
B 44      Y
B 45      K
B 46      Q
B 47      I
B 48      L
B 49      G
B 50      Q
B 51      Q
B 52      M
B 53      E
B 54      F
B 55      L
B 56      V
B 57      N
B 58      F
B 59      Y
B 60      N
B 61      -
B 62      -
B 63      -
B 64      -
B 65      G
B 66      K
B 67      V
B 68      M
B 69      E
B 70      K
B 71      S
B 72      K
B 73      L
B 74      F
B 75      K
B 76      D
B 77      Q
B 78      F
B 79      S
B 80      V
B 81      E
B 82      R
B 83      P
B 84      D
B 85      G
B 86      -
B 87      S
B 88      Y
B 89      F
B 90      T
B 91      L
B 92      K
B 93      I
B 94      Q
B 95      P
B 96      T
B 97      A
B 98      L
B 99      E
B 100     D
B 101     S
B 102     A
B 103     V
B 104     Y
B 105     F
B 106     C
B 107     A
B 108     S
B 109     S
B 110     F
B 111     W
B 112     G
B 113     A
B 114     -
B 115     -
B 116     -
B 117     -
B 118     -
B 119     -
B 120     -
B 121     -
B 122     -
B 123     -
B 124     -
B 125     -
B 126     -
B 127     -
B 128     -
B 129     -
B 130     -
B 131     -
B 132     -
B 133     -
B 134     Y
B 135     A
B 136     E
B 137     Q
B 138     F
B 139     F
B 140     G
B 141     P
B 142     G
B 143     T
B 144     R
B 145     L
B 146     T
B 147     V
B 148     L
//
