# Input sequence
# ANARCI numbered
# Domain 1 of 1
# Most significant HMM hit
#|species|chain_type|e-value|score|seqstart_index|seqend_index|
#|mouse|B|1e-39|126.4|0|113|
# Scheme = aho
B 1       D
B 2       T
B 3       A
B 4       V
B 5       S
B 6       Q
B 7       T
B 8       P
B 9       K
B 10      Y
B 11      L
B 12      V
B 13      R
B 14      Q
B 15      T
B 16      G
B 17      K
B 18      N
B 19      E
B 20      S
B 21      L
B 22      K
B 23      C
B 24      E
B 25      Q
B 26      N
B 27      -
B 28      -
B 29      L
B 30      G
B 31      H
B 32      N
B 33      -
B 34      -
B 35      -
B 36      -
B 37      -
B 38      -
B 39      -
B 40      A
B 41      M
B 42      Y
B 43      W
B 44      Y
B 45      K
B 46      Q
B 47      D
B 48      S
B 49      K
B 50      K
B 51      L
B 52      L
B 53      K
B 54      I
B 55      M
B 56      F
B 57      I
B 58      Y
B 59      -
B 60      -
B 61      -
B 62      -
B 63      -
B 64      -
B 65      -
B 66      -
B 67      N
B 68      N
B 69      K
B 70      E
B 71      P
B 72      I
B 73      L
B 74      N
B 75      P
B 76      Y
B 77      R
B 78      F
B 79      S
B 80      P
B 81      K
B 82      S
B 83      P
B 84      D
B 85      K
B 86      -
B 87      A
B 88      H
B 89      L
B 90      N
B 91      L
B 92      H
B 93      I
B 94      K
B 95      S
B 96      L
B 97      E
B 98      L
B 99      G
B 100     D
B 101     S
B 102     A
B 103     V
B 104     Y
B 105     F
B 106     C
B 107     A
B 108     S
B 109     S
B 110     Q
B 111     D
B 112     L
B 113     G
B 114     A
B 115     -
B 116     -
B 117     -
B 118     -
B 119     -
B 120     -
B 121     -
B 122     -
B 123     -
B 124     -
B 125     -
B 126     -
B 127     -
B 128     -
B 129     -
B 130     -
B 131     -
B 132     G
B 133     E
B 134     V
B 135     Y
B 136     E
B 137     Q
B 138     Y
B 139     F
B 140     G
B 141     P
B 142     G
B 143     T
B 144     R
B 145     L
B 146     T
B 147     V
B 148     I
B 149     E
//
