# Input sequence
# ANARCI numbered
# Domain 1 of 1
# Most significant HMM hit
#|species|chain_type|e-value|score|seqstart_index|seqend_index|
#|human|B|1e-43|139.3|0|108|
# Scheme = aho
B 1       -
B 2       -
B 3       -
B 4       I
B 5       T
B 6       Q
B 7       S
B 8       P
B 9       K
B 10      Y
B 11      L
B 12      F
B 13      R
B 14      K
B 15      E
B 16      G
B 17      Q
B 18      N
B 19      V
B 20      T
B 21      L
B 22      S
B 23      C
B 24      E
B 25      Q
B 26      N
B 27      -
B 28      -
B 29      L
B 30      N
B 31      H
B 32      D
B 33      -
B 34      -
B 35      -
B 36      -
B 37      -
B 38      -
B 39      -
B 40      A
B 41      M
B 42      Y
B 43      W
B 44      Y
B 45      R
B 46      Q
B 47      D
B 48      P
B 49      G
B 50      Q
B 51      G
B 52      L
B 53      R
B 54      L
B 55      I
B 56      Y
B 57      Y
B 58      S
B 59      Q
B 60      I
B 61      -
B 62      -
B 63      -
B 64      -
B 65      -
B 66      V
B 67      N
B 68      D
B 69      F
B 70      Q
B 71      K
B 72      G
B 73      D
B 74      I
B 75      A
B 76      E
B 77      G
B 78      Y
B 79      S
B 80      V
B 81      S
B 82      R
B 83      E
B 84      K
B 85      K
B 86      -
B 87      E
B 88      S
B 89      F
B 90      P
B 91      L
B 92      T
B 93      V
B 94      T
B 95      S
B 96      A
B 97      Q
B 98      K
B 99      N
B 100     P
B 101     T
B 102     A
B 103     F
B 104     Y
B 105     L
B 106     C
B 107     A
B 108     S
B 109     S
B 110     I
B 111     R
B 112     A
B 113     -
B 114     -
B 115     -
B 116     -
B 117     -
B 118     -
B 119     -
B 120     -
B 121     -
B 122     -
B 123     -
B 124     -
B 125     -
B 126     -
B 127     -
B 128     -
B 129     -
B 130     -
B 131     -
B 132     -
B 133     -
B 134     A
B 135     E
B 136     T
B 137     Q
B 138     Y
B 139     F
B 140     G
B 141     P
B 142     G
B 143     T
B 144     R
B 145     L
B 146     L
B 147     V
B 148     L
//
