# Input sequence
# ANARCI numbered
# Domain 1 of 1
# Most significant HMM hit
#|species|chain_type|e-value|score|seqstart_index|seqend_index|
#|human|A|1.5e-42|135.4|0|105|
# Scheme = aho
A 1       -
A 2       -
A 3       -
A 4       V
A 5       E
A 6       Q
A 7       D
A 8       P
A 9       G
A 10      P
A 11      L
A 12      S
A 13      V
A 14      P
A 15      E
A 16      G
A 17      A
A 18      I
A 19      V
A 20      S
A 21      L
A 22      N
A 23      C
A 24      T
A 25      Y
A 26      S
A 27      N
A 28      -
A 29      S
A 30      A
A 31      F
A 32      Q
A 33      -
A 34      -
A 35      -
A 36      -
A 37      -
A 38      -
A 39      -
A 40      Y
A 41      F
A 42      M
A 43      W
A 44      Y
A 45      R
A 46      Q
A 47      Y
A 48      S
A 49      R
A 50      K
A 51      G
A 52      P
A 53      E
A 54      L
A 55      L
A 56      M
A 57      Y
A 58      T
A 59      Y
A 60      -
A 61      -
A 62      -
A 63      -
A 64      -
A 65      -
A 66      -
A 67      S
A 68      S
A 69      G
A 70      N
A 71      K
A 72      E
A 73      -
A 74      -
A 75      D
A 76      G
A 77      R
A 78      F
A 79      T
A 80      A
A 81      Q
A 82      V
A 83      D
A 84      K
A 85      S
A 86      S
A 87      K
A 88      Y
A 89      I
A 90      S
A 91      L
A 92      F
A 93      I
A 94      R
A 95      D
A 96      S
A 97      Q
A 98      P
A 99      S
A 100     D
A 101     S
A 102     A
A 103     T
A 104     Y
A 105     L
A 106     C
A 107     A
A 108     M
A 109     S
A 110     K
A 111     G
A 112     Y
A 113     -
A 114     -
A 115     -
A 116     -
A 117     -
A 118     -
A 119     -
A 120     -
A 121     -
A 122     -
A 123     -
A 124     -
A 125     -
A 126     -
A 127     -
A 128     -
A 129     -
A 130     -
A 131     -
A 132     -
A 133     -
A 134     -
A 135     S
A 136     T
A 137     L
A 138     T
A 139     F
A 140     G
A 141     K
A 142     G
A 143     T
A 144     M
A 145     L
A 146     L
A 147     V
A 148     S
//
