# Input sequence
# ANARCI numbered
# Domain 1 of 1
# Most significant HMM hit
#|species|chain_type|e-value|score|seqstart_index|seqend_index|
#|human|A|2.1e-28|89.7|0|105|
# Scheme = aho
A 1       -
A 2       -
A 3       K
A 4       T
A 5       T
A 6       Q
A 7       P
A 8       -
A 9       D
A 10      S
A 11      M
A 12      E
A 13      S
A 14      T
A 15      E
A 16      G
A 17      E
A 18      T
A 19      V
A 20      H
A 21      L
A 22      P
A 23      C
A 24      S
A 25      H
A 26      A
A 27      T
A 28      -
A 29      I
A 30      S
A 31      G
A 32      N
A 33      -
A 34      -
A 35      -
A 36      -
A 37      -
A 38      -
A 39      E
A 40      Y
A 41      I
A 42      Y
A 43      W
A 44      Y
A 45      R
A 46      Q
A 47      V
A 48      P
A 49      L
A 50      Q
A 51      G
A 52      P
A 53      E
A 54      Y
A 55      V
A 56      T
A 57      H
A 58      G
A 59      -
A 60      -
A 61      -
A 62      -
A 63      -
A 64      -
A 65      -
A 66      -
A 67      L
A 68      Q
A 69      Q
A 70      N
A 71      T
A 72      T
A 73      -
A 74      -
A 75      N
A 76      S
A 77      M
A 78      A
A 79      F
A 80      L
A 81      A
A 82      I
A 83      A
A 84      S
A 85      D
A 86      R
A 87      K
A 88      S
A 89      S
A 90      T
A 91      L
A 92      I
A 93      L
A 94      T
A 95      H
A 96      V
A 97      S
A 98      L
A 99      R
A 100     D
A 101     A
A 102     A
A 103     V
A 104     Y
A 105     H
A 106     C
A 107     I
A 108     L
A 109     Q
A 110     G
A 111     T
A 112     G
A 113     -
A 114     -
A 115     -
A 116     -
A 117     -
A 118     -
A 119     -
A 120     -
A 121     -
A 122     -
A 123     -
A 124     -
A 125     -
A 126     -
A 127     -
A 128     -
A 129     -
A 130     -
A 131     -
A 132     -
A 133     -
A 134     -
A 135     S
A 136     K
A 137     L
A 138     S
A 139     F
A 140     G
A 141     K
A 142     G
A 143     A
A 144     K
A 145     L
A 146     T
A 147     V
A 148     S
//
