# Input sequence
# ANARCI numbered
# Domain 1 of 1
# Most significant HMM hit
#|species|chain_type|e-value|score|seqstart_index|seqend_index|
#|mouse|A|2.2e-35|112.2|0|103|
# Scheme = aho
A 1       -
A 2       -
A 3       -
A 4       V
A 5       E
A 6       Q
A 7       N
A 8       P
A 9       P
A 10      A
A 11      L
A 12      S
A 13      L
A 14      Y
A 15      E
A 16      G
A 17      A
A 18      D
A 19      S
A 20      G
A 21      L
A 22      R
A 23      C
A 24      N
A 25      F
A 26      S
A 27      -
A 28      -
A 29      T
A 30      T
A 31      M
A 32      K
A 33      -
A 34      -
A 35      -
A 36      -
A 37      -
A 38      -
A 39      -
A 40      S
A 41      V
A 42      Q
A 43      W
A 44      F
A 45      Q
A 46      Q
A 47      N
A 48      H
A 49      R
A 50      G
A 51      R
A 52      L
A 53      I
A 54      T
A 55      L
A 56      F
A 57      Y
A 58      L
A 59      -
A 60      -
A 61      -
A 62      -
A 63      -
A 64      -
A 65      -
A 66      -
A 67      A
A 68      Q
A 69      G
A 70      T
A 71      K
A 72      E
A 73      -
A 74      -
A 75      N
A 76      G
A 77      R
A 78      L
A 79      K
A 80      S
A 81      T
A 82      F
A 83      N
A 84      S
A 85      K
A 86      E
A 87      R
A 88      Y
A 89      S
A 90      T
A 91      L
A 92      H
A 93      I
A 94      K
A 95      D
A 96      A
A 97      Q
A 98      L
A 99      E
A 100     D
A 101     S
A 102     G
A 103     T
A 104     Y
A 105     F
A 106     C
A 107     A
A 108     A
A 109     V
A 110     N
A 111     M
A 112     G
A 113     -
A 114     -
A 115     -
A 116     -
A 117     -
A 118     -
A 119     -
A 120     -
A 121     -
A 122     -
A 123     -
A 124     -
A 125     -
A 126     -
A 127     -
A 128     -
A 129     -
A 130     -
A 131     -
A 132     -
A 133     -
A 134     -
A 135     Y
A 136     K
A 137     L
A 138     T
A 139     F
A 140     G
A 141     T
A 142     G
A 143     T
A 144     S
A 145     L
A 146     L
A 147     V
A 148     D
//
