# Input sequence
# ANARCI numbered
# Domain 1 of 1
# Most significant HMM hit
#|species|chain_type|e-value|score|seqstart_index|seqend_index|
#|human|D|1.3e-44|142.1|0|114|
# Scheme = aho
D 1       -
D 2       -
D 3       -
D 4       V
D 5       T
D 6       Q
D 7       A
D 8       Q
D 9       S
D 10      S
D 11      V
D 12      S
D 13      M
D 14      P
D 15      V
D 16      R
D 17      K
D 18      A
D 19      V
D 20      T
D 21      L
D 22      N
D 23      C
D 24      L
D 25      Y
D 26      E
D 27      -
D 28      -
D 29      T
D 30      S
D 31      W
D 32      W
D 33      S
D 34      -
D 35      -
D 36      -
D 37      -
D 38      -
D 39      Y
D 40      Y
D 41      I
D 42      F
D 43      W
D 44      Y
D 45      K
D 46      Q
D 47      L
D 48      P
D 49      S
D 50      K
D 51      E
D 52      M
D 53      I
D 54      F
D 55      L
D 56      I
D 57      R
D 58      Q
D 59      -
D 60      -
D 61      -
D 62      -
D 63      -
D 64      -
D 65      -
D 66      -
D 67      G
D 68      S
D 69      D
D 70      E
D 71      Q
D 72      N
D 73      A
D 74      K
D 75      S
D 76      G
D 77      R
D 78      Y
D 79      S
D 80      V
D 81      N
D 82      F
D 83      K
D 84      K
D 85      A
D 86      A
D 87      K
D 88      S
D 89      V
D 90      A
D 91      L
D 92      T
D 93      I
D 94      S
D 95      A
D 96      L
D 97      Q
D 98      L
D 99      E
D 100     D
D 101     S
D 102     A
D 103     K
D 104     Y
D 105     F
D 106     C
D 107     A
D 108     L
D 109     G
D 110     V
D 111     R
D 112     A
D 113     F
D 114     L
D 115     R
D 116     -
D 117     -
D 118     -
D 119     -
D 120     -
D 121     -
D 122     -
D 123     -
D 124     -
D 125     -
D 126     -
D 127     -
D 128     -
D 129     -
D 130     -
D 131     D
D 132     W
D 133     G
D 134     I
D 135     R
D 136     V
D 137     L
D 138     I
D 139     F
D 140     G
D 141     K
D 142     G
D 143     T
D 144     R
D 145     V
D 146     T
D 147     V
D 148     E
//
