# Input sequence
# ANARCI numbered
# Domain 1 of 1
# Most significant HMM hit
#|species|chain_type|e-value|score|seqstart_index|seqend_index|
#|human|A|2.3e-37|118.6|0|102|
# Scheme = aho
A 1       -
A 2       -
A 3       -
A 4       -
A 5       -
A 6       -
A 7       -
A 8       Q
A 9       A
A 10      -
A 11      L
A 12      S
A 13      I
A 14      Q
A 15      E
A 16      G
A 17      E
A 18      N
A 19      A
A 20      T
A 21      M
A 22      N
A 23      C
A 24      S
A 25      Y
A 26      K
A 27      -
A 28      -
A 29      T
A 30      S
A 31      I
A 32      N
A 33      -
A 34      -
A 35      -
A 36      -
A 37      -
A 38      -
A 39      -
A 40      N
A 41      L
A 42      Q
A 43      W
A 44      Y
A 45      R
A 46      Q
A 47      N
A 48      S
A 49      G
A 50      R
A 51      G
A 52      L
A 53      V
A 54      H
A 55      L
A 56      I
A 57      L
A 58      I
A 59      R
A 60      -
A 61      -
A 62      -
A 63      -
A 64      -
A 65      -
A 66      S
A 67      N
A 68      E
A 69      R
A 70      E
A 71      K
A 72      H
A 73      -
A 74      -
A 75      S
A 76      G
A 77      R
A 78      L
A 79      R
A 80      V
A 81      T
A 82      L
A 83      D
A 84      T
A 85      S
A 86      K
A 87      K
A 88      S
A 89      S
A 90      S
A 91      L
A 92      L
A 93      I
A 94      T
A 95      A
A 96      S
A 97      R
A 98      A
A 99      A
A 100     D
A 101     T
A 102     A
A 103     S
A 104     Y
A 105     F
A 106     C
A 107     A
A 108     T
A 109     A
A 110     A
A 111     V
A 112     G
A 113     -
A 114     -
A 115     -
A 116     -
A 117     -
A 118     -
A 119     -
A 120     -
A 121     -
A 122     -
A 123     -
A 124     -
A 125     -
A 126     -
A 127     -
A 128     -
A 129     -
A 130     -
A 131     -
A 132     -
A 133     -
A 134     G
A 135     F
A 136     K
A 137     T
A 138     I
A 139     F
A 140     G
A 141     A
A 142     G
A 143     T
A 144     R
A 145     L
A 146     F
A 147     V
A 148     K
A 149     A
//
