# Input sequence
# ANARCI numbered
# Domain 1 of 1
# Most significant HMM hit
#|species|chain_type|e-value|score|seqstart_index|seqend_index|
#|human|A|7.7e-44|139.6|0|107|
# Scheme = aho
A 1       -
A 2       -
A 3       -
A 4       V
A 5       E
A 6       Q
A 7       H
A 8       P
A 9       S
A 10      T
A 11      L
A 12      S
A 13      V
A 14      Q
A 15      E
A 16      G
A 17      D
A 18      S
A 19      A
A 20      V
A 21      I
A 22      K
A 23      C
A 24      T
A 25      Y
A 26      S
A 27      D
A 28      -
A 29      S
A 30      A
A 31      S
A 32      N
A 33      -
A 34      -
A 35      -
A 36      -
A 37      -
A 38      -
A 39      -
A 40      Y
A 41      F
A 42      P
A 43      W
A 44      Y
A 45      K
A 46      Q
A 47      E
A 48      L
A 49      G
A 50      K
A 51      G
A 52      P
A 53      Q
A 54      L
A 55      I
A 56      I
A 57      D
A 58      I
A 59      R
A 60      -
A 61      -
A 62      -
A 63      -
A 64      -
A 65      -
A 66      S
A 67      N
A 68      V
A 69      G
A 70      E
A 71      K
A 72      K
A 73      -
A 74      -
A 75      D
A 76      Q
A 77      R
A 78      I
A 79      A
A 80      V
A 81      T
A 82      L
A 83      N
A 84      K
A 85      T
A 86      A
A 87      K
A 88      H
A 89      F
A 90      S
A 91      L
A 92      H
A 93      I
A 94      T
A 95      E
A 96      T
A 97      Q
A 98      P
A 99      E
A 100     D
A 101     S
A 102     A
A 103     V
A 104     Y
A 105     F
A 106     C
A 107     A
A 108     A
A 109     S
A 110     K
A 111     R
A 112     G
A 113     -
A 114     -
A 115     -
A 116     -
A 117     -
A 118     -
A 119     -
A 120     -
A 121     -
A 122     -
A 123     -
A 124     -
A 125     -
A 126     -
A 127     -
A 128     -
A 129     -
A 130     -
A 131     -
A 132     -
A 133     -
A 134     F
A 135     Q
A 136     K
A 137     L
A 138     V
A 139     F
A 140     G
A 141     T
A 142     G
A 143     T
A 144     R
A 145     L
A 146     L
A 147     V
A 148     S
//
