# Input sequence
# ANARCI numbered
# Domain 1 of 1
# Most significant HMM hit
#|species|chain_type|e-value|score|seqstart_index|seqend_index|
#|human|A|1.3e-34|109.8|0|105|
# Scheme = aho
A 1       -
A 2       -
A 3       N
A 4       I
A 5       D
A 6       Q
A 7       P
A 8       -
A 9       T
A 10      E
A 11      M
A 12      T
A 13      A
A 14      T
A 15      E
A 16      G
A 17      A
A 18      I
A 19      V
A 20      Q
A 21      I
A 22      N
A 23      C
A 24      T
A 25      Y
A 26      Q
A 27      T
A 28      -
A 29      S
A 30      G
A 31      F
A 32      N
A 33      -
A 34      -
A 35      -
A 36      -
A 37      -
A 38      -
A 39      -
A 40      G
A 41      L
A 42      F
A 43      W
A 44      Y
A 45      Q
A 46      Q
A 47      H
A 48      A
A 49      G
A 50      E
A 51      A
A 52      P
A 53      T
A 54      F
A 55      L
A 56      S
A 57      Y
A 58      N
A 59      V
A 60      -
A 61      -
A 62      -
A 63      -
A 64      -
A 65      -
A 66      -
A 67      L
A 68      D
A 69      G
A 70      L
A 71      E
A 72      E
A 73      -
A 74      -
A 75      K
A 76      G
A 77      R
A 78      F
A 79      S
A 80      S
A 81      F
A 82      L
A 83      S
A 84      R
A 85      S
A 86      K
A 87      G
A 88      Y
A 89      S
A 90      Y
A 91      L
A 92      L
A 93      L
A 94      K
A 95      E
A 96      L
A 97      Q
A 98      M
A 99      K
A 100     D
A 101     S
A 102     A
A 103     S
A 104     Y
A 105     L
A 106     C
A 107     A
A 108     V
A 109     K
A 110     D
A 111     S
A 112     N
A 113     -
A 114     -
A 115     -
A 116     -
A 117     -
A 118     -
A 119     -
A 120     -
A 121     -
A 122     -
A 123     -
A 124     -
A 125     -
A 126     -
A 127     -
A 128     -
A 129     -
A 130     -
A 131     -
A 132     -
A 133     -
A 134     -
A 135     Y
A 136     Q
A 137     L
A 138     I
A 139     W
A 140     G
A 141     A
A 142     G
A 143     T
A 144     K
A 145     L
A 146     I
A 147     I
A 148     K
//
