# Input sequence
# ANARCI numbered
# Domain 1 of 1
# Most significant HMM hit
#|species|chain_type|e-value|score|seqstart_index|seqend_index|
#|human|A|1.9e-38|122.1|0|105|
# Scheme = aho
A 1       -
A 2       -
A 3       -
A 4       V
A 5       T
A 6       Q
A 7       I
A 8       P
A 9       A
A 10      A
A 11      L
A 12      S
A 13      V
A 14      P
A 15      E
A 16      G
A 17      E
A 18      N
A 19      L
A 20      V
A 21      L
A 22      N
A 23      C
A 24      S
A 25      F
A 26      T
A 27      D
A 28      -
A 29      S
A 30      A
A 31      I
A 32      Y
A 33      -
A 34      -
A 35      -
A 36      -
A 37      -
A 38      -
A 39      -
A 40      N
A 41      L
A 42      Q
A 43      W
A 44      F
A 45      R
A 46      Q
A 47      D
A 48      P
A 49      G
A 50      K
A 51      G
A 52      L
A 53      T
A 54      S
A 55      L
A 56      L
A 57      L
A 58      I
A 59      Q
A 60      -
A 61      -
A 62      -
A 63      -
A 64      -
A 65      -
A 66      S
A 67      S
A 68      Q
A 69      R
A 70      E
A 71      Q
A 72      T
A 73      -
A 74      -
A 75      S
A 76      G
A 77      R
A 78      L
A 79      N
A 80      A
A 81      S
A 82      L
A 83      D
A 84      K
A 85      S
A 86      S
A 87      G
A 88      R
A 89      S
A 90      T
A 91      L
A 92      Y
A 93      I
A 94      A
A 95      A
A 96      S
A 97      Q
A 98      P
A 99      G
A 100     D
A 101     S
A 102     A
A 103     T
A 104     Y
A 105     L
A 106     C
A 107     A
A 108     V
A 109     H
A 110     T
A 111     G
A 112     -
A 113     -
A 114     -
A 115     -
A 116     -
A 117     -
A 118     -
A 119     -
A 120     -
A 121     -
A 122     -
A 123     -
A 124     -
A 125     -
A 126     -
A 127     -
A 128     -
A 129     -
A 130     -
A 131     -
A 132     -
A 133     -
A 134     -
A 135     A
A 136     R
A 137     L
A 138     M
A 139     F
A 140     G
A 141     D
A 142     G
A 143     T
A 144     Q
A 145     L
A 146     V
A 147     V
A 148     K
//
