# Input sequence
# ANARCI numbered
# Domain 1 of 1
# Most significant HMM hit
#|species|chain_type|e-value|score|seqstart_index|seqend_index|
#|mouse|A|2.4e-39|125.0|0|107|
# Scheme = aho
A 1       -
A 2       -
A 3       -
A 4       V
A 5       T
A 6       Q
A 7       M
A 8       E
A 9       G
A 10      P
A 11      V
A 12      T
A 13      L
A 14      S
A 15      E
A 16      E
A 17      A
A 18      F
A 19      L
A 20      T
A 21      I
A 22      N
A 23      C
A 24      T
A 25      Y
A 26      T
A 27      A
A 28      -
A 29      T
A 30      G
A 31      Y
A 32      P
A 33      -
A 34      -
A 35      -
A 36      -
A 37      -
A 38      -
A 39      -
A 40      S
A 41      L
A 42      F
A 43      W
A 44      Y
A 45      V
A 46      Q
A 47      Y
A 48      P
A 49      G
A 50      E
A 51      G
A 52      L
A 53      Q
A 54      L
A 55      L
A 56      L
A 57      K
A 58      A
A 59      T
A 60      -
A 61      -
A 62      -
A 63      -
A 64      -
A 65      -
A 66      K
A 67      A
A 68      D
A 69      D
A 70      K
A 71      G
A 72      S
A 73      -
A 74      -
A 75      N
A 76      K
A 77      G
A 78      F
A 79      E
A 80      A
A 81      T
A 82      Y
A 83      R
A 84      K
A 85      E
A 86      T
A 87      T
A 88      S
A 89      F
A 90      H
A 91      L
A 92      E
A 93      K
A 94      G
A 95      S
A 96      V
A 97      Q
A 98      V
A 99      S
A 100     D
A 101     S
A 102     A
A 103     V
A 104     Y
A 105     F
A 106     C
A 107     A
A 108     S
A 109     P
A 110     Q
A 111     G
A 112     G
A 113     -
A 114     -
A 115     -
A 116     -
A 117     -
A 118     -
A 119     -
A 120     -
A 121     -
A 122     -
A 123     -
A 124     -
A 125     -
A 126     -
A 127     -
A 128     -
A 129     -
A 130     -
A 131     -
A 132     -
A 133     -
A 134     S
A 135     E
A 136     K
A 137     L
A 138     V
A 139     F
A 140     G
A 141     K
A 142     G
A 143     T
A 144     K
A 145     L
A 146     T
A 147     V
A 148     N
//
