# Input sequence
# ANARCI numbered
# Domain 1 of 1
# Most significant HMM hit
#|species|chain_type|e-value|score|seqstart_index|seqend_index|
#|human|A|3.5e-35|111.6|0|106|
# Scheme = aho
A 1       -
A 2       -
A 3       -
A 4       V
A 5       E
A 6       Q
A 7       S
A 8       P
A 9       P
A 10      D
A 11      L
A 12      I
A 13      L
A 14      Q
A 15      E
A 16      G
A 17      A
A 18      N
A 19      S
A 20      T
A 21      L
A 22      R
A 23      C
A 24      N
A 25      F
A 26      S
A 27      -
A 28      -
A 29      D
A 30      S
A 31      V
A 32      N
A 33      -
A 34      -
A 35      -
A 36      -
A 37      -
A 38      -
A 39      -
A 40      N
A 41      L
A 42      Q
A 43      W
A 44      F
A 45      H
A 46      Q
A 47      N
A 48      P
A 49      W
A 50      G
A 51      Q
A 52      L
A 53      I
A 54      N
A 55      L
A 56      F
A 57      Y
A 58      I
A 59      -
A 60      -
A 61      -
A 62      -
A 63      -
A 64      -
A 65      -
A 66      -
A 67      P
A 68      S
A 69      G
A 70      W
A 71      K
A 72      Q
A 73      -
A 74      -
A 75      E
A 76      G
A 77      R
A 78      L
A 79      S
A 80      A
A 81      T
A 82      T
A 83      V
A 84      A
A 85      T
A 86      E
A 87      R
A 88      Y
A 89      S
A 90      L
A 91      L
A 92      Y
A 93      I
A 94      S
A 95      S
A 96      S
A 97      Q
A 98      T
A 99      T
A 100     D
A 101     S
A 102     G
A 103     V
A 104     Y
A 105     F
A 106     C
A 107     A
A 108     V
A 109     G
A 110     G
A 111     N
A 112     D
A 113     W
A 114     -
A 115     -
A 116     -
A 117     -
A 118     -
A 119     -
A 120     -
A 121     -
A 122     -
A 123     -
A 124     -
A 125     -
A 126     -
A 127     -
A 128     -
A 129     -
A 130     -
A 131     -
A 132     -
A 133     N
A 134     T
A 135     D
A 136     K
A 137     L
A 138     I
A 139     F
A 140     G
A 141     T
A 142     G
A 143     T
A 144     R
A 145     L
A 146     Q
A 147     V
A 148     F
//
