# Input sequence
# ANARCI numbered
# Domain 1 of 1
# Most significant HMM hit
#|species|chain_type|e-value|score|seqstart_index|seqend_index|
#|human|A|9.3e-40|126.4|0|112|
# Scheme = aho
A 1       -
A 2       -
A 3       -
A 4       V
A 5       A
A 6       Q
A 7       P
A 8       E
A 9       D
A 10      Q
A 11      V
A 12      N
A 13      V
A 14      A
A 15      E
A 16      G
A 17      N
A 18      P
A 19      L
A 20      T
A 21      V
A 22      K
A 23      C
A 24      T
A 25      Y
A 26      S
A 27      V
A 28      -
A 29      S
A 30      G
A 31      N
A 32      P
A 33      -
A 34      -
A 35      -
A 36      -
A 37      -
A 38      -
A 39      -
A 40      Y
A 41      L
A 42      F
A 43      W
A 44      Y
A 45      V
A 46      Q
A 47      Y
A 48      P
A 49      N
A 50      R
A 51      G
A 52      L
A 53      Q
A 54      F
A 55      L
A 56      L
A 57      K
A 58      Y
A 59      I
A 60      T
A 61      -
A 62      -
A 63      -
A 64      -
A 65      -
A 66      G
A 67      D
A 68      N
A 69      L
A 70      V
A 71      K
A 72      G
A 73      -
A 74      -
A 75      S
A 76      Y
A 77      G
A 78      F
A 79      E
A 80      A
A 81      E
A 82      F
A 83      N
A 84      K
A 85      S
A 86      Q
A 87      T
A 88      S
A 89      F
A 90      H
A 91      L
A 92      K
A 93      K
A 94      P
A 95      S
A 96      A
A 97      L
A 98      V
A 99      S
A 100     D
A 101     S
A 102     A
A 103     L
A 104     Y
A 105     F
A 106     C
A 107     A
A 108     V
A 109     R
A 110     D
A 111     I
A 112     N
A 113     S
A 114     G
A 115     -
A 116     -
A 117     -
A 118     -
A 119     -
A 120     -
A 121     -
A 122     -
A 123     -
A 124     -
A 125     -
A 126     -
A 127     -
A 128     -
A 129     -
A 130     -
A 131     -
A 132     A
A 133     G
A 134     S
A 135     Y
A 136     Q
A 137     L
A 138     T
A 139     F
A 140     G
A 141     K
A 142     G
A 143     T
A 144     K
A 145     L
A 146     S
A 147     V
A 148     I
//
