# Input sequence
# ANARCI numbered
# Domain 1 of 1
# Most significant HMM hit
#|species|chain_type|e-value|score|seqstart_index|seqend_index|
#|human|A|3.1e-32|102.1|0|108|
# Scheme = aho
A 1       -
A 2       -
A 3       K
A 4       T
A 5       T
A 6       Q
A 7       P
A 8       -
A 9       P
A 10      S
A 11      M
A 12      D
A 13      C
A 14      A
A 15      E
A 16      G
A 17      R
A 18      A
A 19      A
A 20      N
A 21      L
A 22      P
A 23      C
A 24      N
A 25      H
A 26      S
A 27      T
A 28      -
A 29      V
A 30      D
A 31      P
A 32      N
A 33      -
A 34      -
A 35      -
A 36      -
A 37      -
A 38      -
A 39      E
A 40      Y
A 41      V
A 42      Y
A 43      W
A 44      Y
A 45      R
A 46      Q
A 47      I
A 48      H
A 49      S
A 50      Q
A 51      G
A 52      P
A 53      Q
A 54      Y
A 55      I
A 56      I
A 57      H
A 58      G
A 59      -
A 60      -
A 61      -
A 62      -
A 63      -
A 64      -
A 65      -
A 66      -
A 67      L
A 68      K
A 69      N
A 70      N
A 71      E
A 72      T
A 73      -
A 74      -
A 75      N
A 76      E
A 77      M
A 78      A
A 79      S
A 80      L
A 81      I
A 82      I
A 83      T
A 84      E
A 85      D
A 86      R
A 87      K
A 88      S
A 89      S
A 90      T
A 91      L
A 92      I
A 93      L
A 94      P
A 95      H
A 96      A
A 97      T
A 98      L
A 99      R
A 100     D
A 101     T
A 102     A
A 103     V
A 104     Y
A 105     Y
A 106     C
A 107     I
A 108     G
A 109     G
A 110     G
A 111     T
A 112     T
A 113     S
A 114     -
A 115     -
A 116     -
A 117     -
A 118     -
A 119     -
A 120     -
A 121     -
A 122     -
A 123     -
A 124     -
A 125     -
A 126     -
A 127     -
A 128     -
A 129     -
A 130     -
A 131     -
A 132     -
A 133     G
A 134     T
A 135     Y
A 136     K
A 137     Y
A 138     I
A 139     F
A 140     G
A 141     T
A 142     G
A 143     T
A 144     R
A 145     L
A 146     K
A 147     V
A 148     L
//
