# Input sequence
# ANARCI numbered
# Domain 1 of 1
# Most significant HMM hit
#|species|chain_type|e-value|score|seqstart_index|seqend_index|
#|human|A|5.4e-39|123.9|0|108|
# Scheme = aho
A 1       -
A 2       -
A 3       -
A 4       V
A 5       E
A 6       Q
A 7       S
A 8       P
A 9       Q
A 10      S
A 11      L
A 12      I
A 13      I
A 14      L
A 15      E
A 16      G
A 17      K
A 18      N
A 19      V
A 20      T
A 21      L
A 22      Q
A 23      C
A 24      N
A 25      Y
A 26      T
A 27      V
A 28      -
A 29      S
A 30      P
A 31      F
A 32      S
A 33      -
A 34      -
A 35      -
A 36      -
A 37      -
A 38      -
A 39      -
A 40      N
A 41      L
A 42      R
A 43      W
A 44      Y
A 45      K
A 46      Q
A 47      D
A 48      T
A 49      G
A 50      R
A 51      G
A 52      P
A 53      V
A 54      S
A 55      L
A 56      T
A 57      I
A 58      M
A 59      T
A 60      -
A 61      -
A 62      -
A 63      -
A 64      -
A 65      -
A 66      F
A 67      S
A 68      E
A 69      N
A 70      T
A 71      K
A 72      S
A 73      -
A 74      -
A 75      N
A 76      G
A 77      R
A 78      Y
A 79      T
A 80      A
A 81      T
A 82      L
A 83      D
A 84      A
A 85      D
A 86      T
A 87      K
A 88      Q
A 89      S
A 90      S
A 91      L
A 92      H
A 93      I
A 94      T
A 95      A
A 96      S
A 97      Q
A 98      L
A 99      S
A 100     D
A 101     S
A 102     A
A 103     S
A 104     Y
A 105     I
A 106     C
A 107     V
A 108     V
A 109     N
A 110     H
A 111     S
A 112     G
A 113     G
A 114     -
A 115     -
A 116     -
A 117     -
A 118     -
A 119     -
A 120     -
A 121     -
A 122     -
A 123     -
A 124     -
A 125     -
A 126     -
A 127     -
A 128     -
A 129     -
A 130     -
A 131     -
A 132     -
A 133     -
A 134     S
A 135     Y
A 136     I
A 137     P
A 138     T
A 139     F
A 140     G
A 141     R
A 142     G
A 143     T
A 144     S
A 145     L
A 146     I
A 147     V
A 148     H
//
