# Input sequence
# ANARCI numbered
# Domain 1 of 1
# Most significant HMM hit
#|species|chain_type|e-value|score|seqstart_index|seqend_index|
#|human|A|1.7e-37|119.1|0|108|
# Scheme = aho
A 1       -
A 2       -
A 3       -
A 4       V
A 5       T
A 6       Q
A 7       P
A 8       D
A 9       I
A 10      H
A 11      I
A 12      T
A 13      V
A 14      S
A 15      E
A 16      G
A 17      A
A 18      S
A 19      L
A 20      E
A 21      L
A 22      R
A 23      C
A 24      N
A 25      Y
A 26      S
A 27      Y
A 28      -
A 29      G
A 30      A
A 31      T
A 32      P
A 33      -
A 34      -
A 35      -
A 36      -
A 37      -
A 38      -
A 39      -
A 40      Y
A 41      L
A 42      F
A 43      W
A 44      Y
A 45      V
A 46      Q
A 47      S
A 48      P
A 49      G
A 50      Q
A 51      G
A 52      L
A 53      Q
A 54      L
A 55      L
A 56      L
A 57      K
A 58      Y
A 59      F
A 60      S
A 61      -
A 62      -
A 63      -
A 64      -
A 65      -
A 66      G
A 67      D
A 68      T
A 69      L
A 70      V
A 71      Q
A 72      G
A 73      -
A 74      -
A 75      I
A 76      K
A 77      G
A 78      F
A 79      E
A 80      A
A 81      E
A 82      F
A 83      K
A 84      R
A 85      S
A 86      Q
A 87      S
A 88      S
A 89      F
A 90      N
A 91      L
A 92      R
A 93      K
A 94      P
A 95      S
A 96      V
A 97      H
A 98      W
A 99      S
A 100     D
A 101     A
A 102     A
A 103     E
A 104     Y
A 105     F
A 106     C
A 107     A
A 108     V
A 109     G
A 110     A
A 111     G
A 112     S
A 113     -
A 114     -
A 115     -
A 116     -
A 117     -
A 118     -
A 119     -
A 120     -
A 121     -
A 122     -
A 123     -
A 124     -
A 125     -
A 126     -
A 127     -
A 128     -
A 129     -
A 130     -
A 131     -
A 132     -
A 133     -
A 134     N
A 135     Y
A 136     Q
A 137     L
A 138     I
A 139     W
A 140     G
A 141     A
A 142     G
A 143     T
A 144     K
A 145     L
A 146     I
A 147     I
A 148     K
//
