# Input sequence
# ANARCI numbered
# Domain 1 of 1
# Most significant HMM hit
#|species|chain_type|e-value|score|seqstart_index|seqend_index|
#|human|A|1e-32|103.6|0|108|
# Scheme = aho
A 1       -
A 2       -
A 3       K
A 4       T
A 5       T
A 6       Q
A 7       P
A 8       -
A 9       I
A 10      S
A 11      V
A 12      D
A 13      S
A 14      Y
A 15      E
A 16      G
A 17      Q
A 18      E
A 19      V
A 20      N
A 21      I
A 22      T
A 23      C
A 24      S
A 25      H
A 26      N
A 27      N
A 28      -
A 29      I
A 30      A
A 31      T
A 32      N
A 33      -
A 34      -
A 35      -
A 36      -
A 37      -
A 38      -
A 39      D
A 40      Y
A 41      I
A 42      T
A 43      W
A 44      Y
A 45      Q
A 46      Q
A 47      F
A 48      P
A 49      S
A 50      Q
A 51      G
A 52      P
A 53      R
A 54      F
A 55      I
A 56      I
A 57      Q
A 58      G
A 59      -
A 60      -
A 61      -
A 62      -
A 63      -
A 64      -
A 65      -
A 66      -
A 67      Y
A 68      K
A 69      T
A 70      K
A 71      V
A 72      T
A 73      -
A 74      -
A 75      N
A 76      E
A 77      V
A 78      A
A 79      S
A 80      L
A 81      F
A 82      I
A 83      P
A 84      A
A 85      D
A 86      R
A 87      K
A 88      S
A 89      S
A 90      T
A 91      L
A 92      S
A 93      L
A 94      P
A 95      R
A 96      V
A 97      S
A 98      L
A 99      S
A 100     D
A 101     T
A 102     A
A 103     V
A 104     Y
A 105     Y
A 106     C
A 107     L
A 108     V
A 109     G
A 110     D
A 111     M
A 112     D
A 113     Q
A 114     -
A 115     -
A 116     -
A 117     -
A 118     -
A 119     -
A 120     -
A 121     -
A 122     -
A 123     -
A 124     -
A 125     -
A 126     -
A 127     -
A 128     -
A 129     -
A 130     -
A 131     -
A 132     -
A 133     A
A 134     G
A 135     T
A 136     A
A 137     L
A 138     I
A 139     F
A 140     G
A 141     K
A 142     G
A 143     T
A 144     T
A 145     L
A 146     S
A 147     V
A 148     S
//
