# Input sequence
# ANARCI numbered
# Domain 1 of 1
# Most significant HMM hit
#|species|chain_type|e-value|score|seqstart_index|seqend_index|
#|mouse|A|4.7e-43|137.0|0|107|
# Scheme = aho
A 1       -
A 2       -
A 3       -
A 4       V
A 5       T
A 6       Q
A 7       T
A 8       E
A 9       G
A 10      P
A 11      V
A 12      T
A 13      L
A 14      S
A 15      E
A 16      G
A 17      T
A 18      S
A 19      L
A 20      T
A 21      V
A 22      N
A 23      C
A 24      S
A 25      Y
A 26      E
A 27      T
A 28      -
A 29      K
A 30      Q
A 31      Y
A 32      P
A 33      -
A 34      -
A 35      -
A 36      -
A 37      -
A 38      -
A 39      -
A 40      T
A 41      L
A 42      F
A 43      W
A 44      Y
A 45      V
A 46      Q
A 47      Y
A 48      P
A 49      G
A 50      E
A 51      G
A 52      P
A 53      Q
A 54      L
A 55      L
A 56      F
A 57      K
A 58      V
A 59      P
A 60      -
A 61      -
A 62      -
A 63      -
A 64      -
A 65      -
A 66      K
A 67      A
A 68      N
A 69      E
A 70      K
A 71      G
A 72      S
A 73      -
A 74      -
A 75      N
A 76      R
A 77      G
A 78      F
A 79      E
A 80      A
A 81      T
A 82      Y
A 83      N
A 84      K
A 85      E
A 86      A
A 87      T
A 88      S
A 89      F
A 90      H
A 91      L
A 92      Q
A 93      K
A 94      A
A 95      S
A 96      V
A 97      Q
A 98      E
A 99      S
A 100     D
A 101     S
A 102     A
A 103     V
A 104     Y
A 105     Y
A 106     C
A 107     A
A 108     L
A 109     S
A 110     P
A 111     S
A 112     N
A 113     -
A 114     -
A 115     -
A 116     -
A 117     -
A 118     -
A 119     -
A 120     -
A 121     -
A 122     -
A 123     -
A 124     -
A 125     -
A 126     -
A 127     -
A 128     -
A 129     -
A 130     -
A 131     -
A 132     -
A 133     -
A 134     T
A 135     N
A 136     K
A 137     V
A 138     V
A 139     F
A 140     G
A 141     T
A 142     G
A 143     T
A 144     R
A 145     L
A 146     Q
A 147     V
A 148     L
//
