# Input sequence
# ANARCI numbered
# Domain 1 of 1
# Most significant HMM hit
#|species|chain_type|e-value|score|seqstart_index|seqend_index|
#|human|A|1.1e-38|122.9|0|107|
# Scheme = aho
A 1       -
A 2       -
A 3       -
A 4       V
A 5       E
A 6       Q
A 7       S
A 8       P
A 9       Q
A 10      S
A 11      L
A 12      H
A 13      V
A 14      Q
A 15      E
A 16      G
A 17      D
A 18      S
A 19      T
A 20      N
A 21      F
A 22      T
A 23      C
A 24      S
A 25      F
A 26      P
A 27      S
A 28      -
A 29      S
A 30      N
A 31      F
A 32      Y
A 33      -
A 34      -
A 35      -
A 36      -
A 37      -
A 38      -
A 39      -
A 40      A
A 41      L
A 42      H
A 43      W
A 44      Y
A 45      R
A 46      W
A 47      E
A 48      T
A 49      A
A 50      K
A 51      S
A 52      P
A 53      E
A 54      A
A 55      L
A 56      F
A 57      V
A 58      M
A 59      T
A 60      -
A 61      -
A 62      -
A 63      -
A 64      -
A 65      -
A 66      L
A 67      N
A 68      G
A 69      D
A 70      E
A 71      K
A 72      K
A 73      -
A 74      -
A 75      K
A 76      G
A 77      R
A 78      I
A 79      S
A 80      A
A 81      T
A 82      L
A 83      N
A 84      T
A 85      K
A 86      E
A 87      G
A 88      Y
A 89      S
A 90      Y
A 91      L
A 92      Y
A 93      I
A 94      K
A 95      G
A 96      S
A 97      Q
A 98      P
A 99      E
A 100     D
A 101     S
A 102     A
A 103     T
A 104     Y
A 105     L
A 106     C
A 107     A
A 108     F
A 109     G
A 110     S
A 111     S
A 112     N
A 113     -
A 114     -
A 115     -
A 116     -
A 117     -
A 118     -
A 119     -
A 120     -
A 121     -
A 122     -
A 123     -
A 124     -
A 125     -
A 126     -
A 127     -
A 128     -
A 129     -
A 130     -
A 131     -
A 132     -
A 133     -
A 134     T
A 135     G
A 136     K
A 137     L
A 138     I
A 139     F
A 140     G
A 141     Q
A 142     G
A 143     T
A 144     T
A 145     L
A 146     Q
A 147     V
A 148     K
//
