# Input sequence
# ANARCI numbered
# Domain 1 of 1
# Most significant HMM hit
#|species|chain_type|e-value|score|seqstart_index|seqend_index|
#|human|A|3.4e-38|121.3|0|105|
# Scheme = aho
A 1       -
A 2       -
A 3       -
A 4       V
A 5       T
A 6       Q
A 7       S
A 8       P
A 9       E
A 10      A
A 11      L
A 12      R
A 13      L
A 14      Q
A 15      E
A 16      G
A 17      E
A 18      S
A 19      S
A 20      S
A 21      L
A 22      N
A 23      C
A 24      S
A 25      Y
A 26      T
A 27      V
A 28      -
A 29      S
A 30      G
A 31      L
A 32      R
A 33      -
A 34      -
A 35      -
A 36      -
A 37      -
A 38      -
A 39      -
A 40      G
A 41      L
A 42      F
A 43      W
A 44      Y
A 45      R
A 46      Q
A 47      D
A 48      P
A 49      G
A 50      K
A 51      G
A 52      P
A 53      E
A 54      F
A 55      L
A 56      F
A 57      T
A 58      L
A 59      Y
A 60      -
A 61      -
A 62      -
A 63      -
A 64      -
A 65      -
A 66      S
A 67      A
A 68      G
A 69      E
A 70      E
A 71      K
A 72      E
A 73      -
A 74      -
A 75      K
A 76      E
A 77      R
A 78      L
A 79      K
A 80      A
A 81      T
A 82      L
A 83      T
A 84      K
A 85      -
A 86      -
A 87      K
A 88      E
A 89      S
A 90      F
A 91      L
A 92      H
A 93      I
A 94      T
A 95      A
A 96      P
A 97      K
A 98      P
A 99      E
A 100     D
A 101     S
A 102     A
A 103     T
A 104     Y
A 105     L
A 106     C
A 107     A
A 108     V
A 109     Q
A 110     A
A 111     G
A 112     G
A 113     -
A 114     -
A 115     -
A 116     -
A 117     -
A 118     -
A 119     -
A 120     -
A 121     -
A 122     -
A 123     -
A 124     -
A 125     -
A 126     -
A 127     -
A 128     -
A 129     -
A 130     -
A 131     -
A 132     -
A 133     -
A 134     N
A 135     N
A 136     R
A 137     L
A 138     A
A 139     F
A 140     G
A 141     K
A 142     G
A 143     N
A 144     Q
A 145     V
A 146     V
A 147     V
A 148     I
//
