# Input sequence
# ANARCI numbered
# Domain 1 of 1
# Most significant HMM hit
#|species|chain_type|e-value|score|seqstart_index|seqend_index|
#|mouse|A|3.4e-45|143.9|0|108|
# Scheme = aho
A 1       -
A 2       -
A 3       -
A 4       V
A 5       R
A 6       Q
A 7       S
A 8       P
A 9       Q
A 10      S
A 11      L
A 12      T
A 13      V
A 14      W
A 15      E
A 16      G
A 17      E
A 18      T
A 19      A
A 20      I
A 21      L
A 22      N
A 23      C
A 24      S
A 25      Y
A 26      E
A 27      D
A 28      -
A 29      S
A 30      T
A 31      F
A 32      N
A 33      -
A 34      -
A 35      -
A 36      -
A 37      -
A 38      -
A 39      -
A 40      Y
A 41      F
A 42      P
A 43      W
A 44      Y
A 45      Q
A 46      Q
A 47      F
A 48      P
A 49      G
A 50      E
A 51      G
A 52      P
A 53      A
A 54      L
A 55      L
A 56      I
A 57      S
A 58      I
A 59      R
A 60      -
A 61      -
A 62      -
A 63      -
A 64      -
A 65      -
A 66      S
A 67      V
A 68      S
A 69      D
A 70      K
A 71      K
A 72      E
A 73      -
A 74      -
A 75      D
A 76      G
A 77      R
A 78      F
A 79      T
A 80      I
A 81      F
A 82      F
A 83      N
A 84      K
A 85      R
A 86      E
A 87      K
A 88      K
A 89      L
A 90      S
A 91      L
A 92      H
A 93      I
A 94      T
A 95      D
A 96      S
A 97      Q
A 98      P
A 99      G
A 100     D
A 101     S
A 102     A
A 103     T
A 104     Y
A 105     F
A 106     C
A 107     A
A 108     A
A 109     S
A 110     E
A 111     T
A 112     S
A 113     G
A 114     -
A 115     -
A 116     -
A 117     -
A 118     -
A 119     -
A 120     -
A 121     -
A 122     -
A 123     -
A 124     -
A 125     -
A 126     -
A 127     -
A 128     -
A 129     -
A 130     -
A 131     -
A 132     -
A 133     -
A 134     S
A 135     W
A 136     Q
A 137     L
A 138     I
A 139     F
A 140     G
A 141     S
A 142     G
A 143     T
A 144     T
A 145     V
A 146     S
A 147     V
A 148     S
//
