# Input sequence
# ANARCI numbered
# Domain 1 of 1
# Most significant HMM hit
#|species|chain_type|e-value|score|seqstart_index|seqend_index|
#|mouse|A|3.4e-36|114.8|0|109|
# Scheme = aho
A 1       -
A 2       -
A 3       -
A 4       V
A 5       E
A 6       Q
A 7       S
A 8       P
A 9       Q
A 10      S
A 11      L
A 12      V
A 13      V
A 14      R
A 15      Q
A 16      G
A 17      E
A 18      N
A 19      S
A 20      V
A 21      L
A 22      Q
A 23      C
A 24      N
A 25      Y
A 26      S
A 27      V
A 28      -
A 29      T
A 30      P
A 31      D
A 32      N
A 33      -
A 34      -
A 35      -
A 36      -
A 37      -
A 38      -
A 39      -
A 40      H
A 41      L
A 42      R
A 43      W
A 44      F
A 45      K
A 46      Q
A 47      D
A 48      T
A 49      G
A 50      K
A 51      G
A 52      L
A 53      V
A 54      S
A 55      L
A 56      T
A 57      V
A 58      L
A 59      V
A 60      -
A 61      -
A 62      -
A 63      -
A 64      -
A 65      -
A 66      D
A 67      Q
A 68      K
A 69      D
A 70      K
A 71      T
A 72      S
A 73      -
A 74      -
A 75      N
A 76      G
A 77      R
A 78      Y
A 79      S
A 80      A
A 81      T
A 82      L
A 83      D
A 84      K
A 85      D
A 86      A
A 87      K
A 88      H
A 89      S
A 90      T
A 91      L
A 92      H
A 93      I
A 94      T
A 95      A
A 96      T
A 97      L
A 98      L
A 99      D
A 100     D
A 101     T
A 102     A
A 103     T
A 104     Y
A 105     I
A 106     C
A 107     V
A 108     V
A 109     G
A 110     D
A 111     R
A 112     G
A 113     S
A 114     -
A 115     -
A 116     -
A 117     -
A 118     -
A 119     -
A 120     -
A 121     -
A 122     -
A 123     -
A 124     -
A 125     -
A 126     -
A 127     -
A 128     -
A 129     -
A 130     -
A 131     -
A 132     -
A 133     A
A 134     L
A 135     G
A 136     R
A 137     L
A 138     H
A 139     F
A 140     G
A 141     A
A 142     G
A 143     T
A 144     Q
A 145     L
A 146     I
A 147     V
A 148     I
//
