# Input sequence
# ANARCI numbered
# Domain 1 of 1
# Most significant HMM hit
#|species|chain_type|e-value|score|seqstart_index|seqend_index|
#|human|A|2e-35|112.4|0|106|
# Scheme = aho
A 1       -
A 2       -
A 3       -
A 4       V
A 5       T
A 6       Q
A 7       P
A 8       E
A 9       K
A 10      L
A 11      L
A 12      S
A 13      V
A 14      F
A 15      K
A 16      G
A 17      A
A 18      P
A 19      V
A 20      E
A 21      L
A 22      K
A 23      C
A 24      N
A 25      Y
A 26      S
A 27      Y
A 28      -
A 29      S
A 30      G
A 31      S
A 32      P
A 33      -
A 34      -
A 35      -
A 36      -
A 37      -
A 38      -
A 39      -
A 40      E
A 41      L
A 42      F
A 43      W
A 44      Y
A 45      V
A 46      Q
A 47      Y
A 48      S
A 49      R
A 50      Q
A 51      R
A 52      L
A 53      Q
A 54      L
A 55      L
A 56      L
A 57      R
A 58      H
A 59      -
A 60      -
A 61      -
A 62      -
A 63      -
A 64      -
A 65      -
A 66      -
A 67      -
A 68      I
A 69      S
A 70      R
A 71      E
A 72      S
A 73      -
A 74      -
A 75      I
A 76      K
A 77      G
A 78      F
A 79      T
A 80      A
A 81      D
A 82      L
A 83      N
A 84      K
A 85      G
A 86      E
A 87      T
A 88      S
A 89      F
A 90      H
A 91      L
A 92      K
A 93      K
A 94      P
A 95      F
A 96      A
A 97      Q
A 98      E
A 99      E
A 100     D
A 101     S
A 102     A
A 103     M
A 104     Y
A 105     Y
A 106     C
A 107     A
A 108     L
A 109     S
A 110     G
A 111     F
A 112     N
A 113     N
A 114     -
A 115     -
A 116     -
A 117     -
A 118     -
A 119     -
A 120     -
A 121     -
A 122     -
A 123     -
A 124     -
A 125     -
A 126     -
A 127     -
A 128     -
A 129     -
A 130     -
A 131     -
A 132     -
A 133     A
A 134     G
A 135     N
A 136     M
A 137     L
A 138     T
A 139     F
A 140     G
A 141     G
A 142     G
A 143     T
A 144     R
A 145     L
A 146     M
A 147     V
A 148     K
//
