# Input sequence
# ANARCI numbered
# Domain 1 of 1
# Most significant HMM hit
#|species|chain_type|e-value|score|seqstart_index|seqend_index|
#|human|D|3.9e-43|137.3|0|102|
# Scheme = aho
D 1       -
D 2       -
D 3       -
D 4       V
D 5       T
D 6       Q
D 7       S
D 8       Q
D 9       P
D 10      E
D 11      M
D 12      S
D 13      V
D 14      Q
D 15      E
D 16      A
D 17      E
D 18      T
D 19      V
D 20      T
D 21      L
D 22      S
D 23      C
D 24      T
D 25      Y
D 26      D
D 27      -
D 28      -
D 29      T
D 30      S
D 31      E
D 32      S
D 33      D
D 34      -
D 35      -
D 36      -
D 37      -
D 38      -
D 39      Y
D 40      Y
D 41      L
D 42      F
D 43      W
D 44      Y
D 45      K
D 46      Q
D 47      P
D 48      P
D 49      S
D 50      R
D 51      Q
D 52      M
D 53      I
D 54      L
D 55      V
D 56      I
D 57      R
D 58      -
D 59      -
D 60      -
D 61      -
D 62      -
D 63      -
D 64      -
D 65      -
D 66      -
D 67      -
D 68      -
D 69      -
D 70      -
D 71      Q
D 72      E
D 73      A
D 74      Y
D 75      K
D 76      N
D 77      R
D 78      F
D 79      S
D 80      V
D 81      N
D 82      F
D 83      Q
D 84      K
D 85      A
D 86      A
D 87      K
D 88      S
D 89      F
D 90      S
D 91      L
D 92      K
D 93      I
D 94      S
D 95      D
D 96      S
D 97      Q
D 98      L
D 99      G
D 100     D
D 101     A
D 102     A
D 103     M
D 104     Y
D 105     F
D 106     C
D 107     A
D 108     F
D 109     M
D 110     D
D 111     S
D 112     N
D 113     -
D 114     -
D 115     -
D 116     -
D 117     -
D 118     -
D 119     -
D 120     -
D 121     -
D 122     -
D 123     -
D 124     -
D 125     -
D 126     -
D 127     -
D 128     -
D 129     -
D 130     -
D 131     -
D 132     -
D 133     -
D 134     -
D 135     Y
D 136     Q
D 137     L
D 138     I
D 139     W
D 140     G
D 141     A
D 142     G
D 143     T
D 144     K
D 145     L
D 146     I
D 147     I
D 148     K
//
