# Input sequence
# ANARCI numbered
# Domain 1 of 1
# Most significant HMM hit
#|species|chain_type|e-value|score|seqstart_index|seqend_index|
#|human|B|1.3e-44|142.2|0|109|
# Scheme = aho
B 4       V
B 5       T
B 6       Q
B 7       T
B 8       P
B 9       K
B 10      F
B 11      Q
B 12      V
B 13      L
B 14      K
B 15      T
B 16      G
B 17      Q
B 18      S
B 19      M
B 20      T
B 21      L
B 22      Q
B 23      C
B 24      A
B 25      Q
B 26      D
B 29      M
B 30      N
B 31      H
B 32      E
B 40      Y
B 41      M
B 42      S
B 43      W
B 44      Y
B 45      R
B 46      Q
B 47      D
B 48      P
B 49      G
B 50      M
B 51      G
B 52      L
B 53      R
B 54      L
B 55      I
B 56      H
B 57      Y
B 58      S
B 59      V
B 60      G
B 66      A
B 67      G
B 68      T
B 69      T
B 70      D
B 71      Q
B 72      G
B 73      E
B 74      V
B 75      P
B 76      N
B 77      G
B 78      Y
B 79      N
B 80      V
B 81      S
B 82      R
B 83      S
B 84      T
B 85      I
B 87      E
B 88      D
B 89      F
B 90      P
B 91      L
B 92      R
B 93      L
B 94      L
B 95      S
B 96      A
B 97      A
B 98      P
B 99      S
B 100     Q
B 101     T
B 102     S
B 103     V
B 104     Y
B 105     F
B 106     C
B 107     A
B 108     S
B 109     S
B 110     Y
B 111     L
B 112     G
B 113     N
B 134     T
B 135     G
B 136     E
B 137     L
B 138     F
B 139     F
B 140     G
B 141     E
B 142     G
B 143     S
B 144     R
B 145     L
B 146     T
B 147     V
B 148     L
//
