# Input sequence
# ANARCI numbered
# Domain 1 of 1
# Most significant HMM hit
#|species|chain_type|e-value|score|seqstart_index|seqend_index|
#|human|B|1.1e-42|136.0|0|110|
# Scheme = aho
B 1       -
B 2       M
B 3       G
B 4       V
B 5       T
B 6       Q
B 7       T
B 8       P
B 9       R
B 10      Y
B 11      L
B 12      I
B 13      K
B 14      T
B 15      R
B 16      G
B 17      Q
B 18      Q
B 19      V
B 20      T
B 21      L
B 22      S
B 23      C
B 24      S
B 25      P
B 26      I
B 27      -
B 28      -
B 29      S
B 30      G
B 31      H
B 32      R
B 33      -
B 34      -
B 35      -
B 36      -
B 37      -
B 38      -
B 39      -
B 40      S
B 41      V
B 42      S
B 43      W
B 44      Y
B 45      Q
B 46      Q
B 47      T
B 48      P
B 49      G
B 50      Q
B 51      G
B 52      L
B 53      Q
B 54      F
B 55      L
B 56      F
B 57      E
B 58      Y
B 59      F
B 60      S
B 61      -
B 62      -
B 63      -
B 64      -
B 65      -
B 66      E
B 67      T
B 68      Q
B 69      R
B 70      N
B 71      K
B 72      G
B 73      N
B 74      F
B 75      P
B 76      G
B 77      R
B 78      F
B 79      S
B 80      G
B 81      R
B 82      Q
B 83      F
B 84      S
B 85      N
B 86      -
B 87      S
B 88      R
B 89      S
B 90      E
B 91      M
B 92      N
B 93      V
B 94      S
B 95      T
B 96      L
B 97      E
B 98      L
B 99      G
B 100     D
B 101     S
B 102     A
B 103     L
B 104     Y
B 105     L
B 106     C
B 107     A
B 108     S
B 109     S
B 110     L
B 111     E
B 112     R
B 113     -
B 114     -
B 115     -
B 116     -
B 117     -
B 118     -
B 119     -
B 120     -
B 121     -
B 122     -
B 123     -
B 124     -
B 125     -
B 126     -
B 127     -
B 128     -
B 129     -
B 130     -
B 131     -
B 132     -
B 133     -
B 134     -
B 135     E
B 136     T
B 137     Q
B 138     Y
B 139     F
B 140     G
B 141     P
B 142     G
B 143     T
B 144     R
B 145     L
B 146     L
B 147     V
B 148     L
B 149     E
//
