# Input sequence
# ANARCI numbered
# Domain 1 of 1
# Most significant HMM hit
#|species|chain_type|e-value|score|seqstart_index|seqend_index|
#|human|B|4.7e-48|153.2|0|107|
# Scheme = aho
B 1       -
B 2       -
B 3       -
B 4       V
B 5       S
B 6       Q
B 7       N
B 8       P
B 9       R
B 10      H
B 11      K
B 12      I
B 13      T
B 14      K
B 15      R
B 16      G
B 17      Q
B 18      N
B 19      V
B 20      T
B 21      F
B 22      R
B 23      C
B 24      D
B 25      P
B 26      I
B 27      -
B 28      -
B 29      S
B 30      E
B 31      H
B 32      N
B 33      -
B 34      -
B 35      -
B 36      -
B 37      -
B 38      -
B 39      -
B 40      R
B 41      L
B 42      Y
B 43      W
B 44      Y
B 45      R
B 46      Q
B 47      T
B 48      L
B 49      G
B 50      Q
B 51      G
B 52      P
B 53      E
B 54      F
B 55      L
B 56      T
B 57      Y
B 58      F
B 59      Q
B 60      N
B 61      -
B 62      -
B 63      -
B 64      -
B 65      E
B 66      A
B 67      Q
B 68      L
B 69      E
B 70      K
B 71      S
B 72      R
B 73      L
B 74      L
B 75      S
B 76      D
B 77      R
B 78      F
B 79      S
B 80      A
B 81      E
B 82      R
B 83      P
B 84      K
B 85      G
B 86      -
B 87      S
B 88      F
B 89      S
B 90      T
B 91      L
B 92      E
B 93      I
B 94      Q
B 95      R
B 96      T
B 97      E
B 98      Q
B 99      G
B 100     D
B 101     S
B 102     A
B 103     M
B 104     Y
B 105     L
B 106     C
B 107     A
B 108     S
B 109     S
B 110     P
B 111     D
B 112     -
B 113     -
B 114     -
B 115     -
B 116     -
B 117     -
B 118     -
B 119     -
B 120     -
B 121     -
B 122     -
B 123     -
B 124     -
B 125     -
B 126     -
B 127     -
B 128     -
B 129     -
B 130     -
B 131     -
B 132     -
B 133     -
B 134     -
B 135     I
B 136     E
B 137     Q
B 138     Y
B 139     F
B 140     G
B 141     P
B 142     G
B 143     T
B 144     R
B 145     L
B 146     T
B 147     V
B 148     T
//
