# Input sequence
# ANARCI numbered
# Domain 1 of 1
# Most significant HMM hit
#|species|chain_type|e-value|score|seqstart_index|seqend_index|
#|human|A|2.8e-39|124.8|0|107|
# Scheme = aho
A 4       V
A 5       T
A 6       Q
A 7       L
A 8       D
A 9       S
A 10      Q
A 11      V
A 12      P
A 13      V
A 14      F
A 15      E
A 16      E
A 17      A
A 18      P
A 19      V
A 20      E
A 21      L
A 22      R
A 23      C
A 24      N
A 25      Y
A 26      S
A 27      S
A 29      S
A 30      V
A 31      S
A 32      V
A 40      Y
A 41      L
A 42      F
A 43      W
A 44      Y
A 45      V
A 46      Q
A 47      Y
A 48      P
A 49      N
A 50      Q
A 51      G
A 52      L
A 53      Q
A 54      L
A 55      L
A 56      L
A 57      K
A 58      Y
A 59      L
A 60      S
A 66      G
A 67      S
A 68      T
A 69      L
A 70      V
A 71      E
A 72      S
A 73      I
A 76      N
A 77      G
A 78      F
A 79      E
A 80      A
A 81      E
A 82      F
A 83      N
A 84      K
A 85      S
A 86      Q
A 87      T
A 88      S
A 89      F
A 90      H
A 91      L
A 92      R
A 93      K
A 94      P
A 95      S
A 96      V
A 97      H
A 98      I
A 99      S
A 100     D
A 101     T
A 102     A
A 103     E
A 104     Y
A 105     F
A 106     C
A 107     A
A 108     V
A 109     G
A 110     G
A 111     S
A 112     Q
A 135     G
A 136     N
A 137     L
A 138     I
A 139     F
A 140     G
A 141     K
A 142     G
A 143     T
A 144     K
A 145     L
A 146     S
A 147     V
A 148     K
//
